# JRE version: OpenJDK Runtime Environment (8.0_242) (build 1.8.0_242-release-1644-b3-6915495)
# Java VM: OpenJDK 64-Bit Server VM (25.242-b3-6915495 mixed mode bsd-amd64 compressed oops)
Heap:
 PSYoungGen      total 632832K, used 83365K [0x0000000795580000, 0x00000007bf900000, 0x00000007c0000000)
  eden space 580096K, 11% used [0x0000000795580000,0x0000000799560378,0x00000007b8c00000)
  from space 52736K, 34% used [0x00000007bc580000,0x00000007bd7092d0,0x00000007bf900000)
  to   space 55808K, 0% used [0x00000007b8c00000,0x00000007b8c00000,0x00000007bc280000)
 ParOldGen       total 694784K, used 603675K [0x0000000740000000, 0x000000076a680000, 0x0000000795580000)
  object space 694784K, 86% used [0x0000000740000000,0x0000000764d86ca8,0x000000076a680000)
 Metaspace       used 265074K, capacity 279640K, committed 279832K, reserved 1294336K
  class space    used 32062K, capacity 34566K, committed 34608K, reserved 1048576K
GC Heap History (10 events):
Event: 5661.765 GC heap before
{Heap before GC invocations=156 (full 8):
 PSYoungGen      total 626688K, used 591702K [0x0000000795580000, 0x00000007bfe80000, 0x00000007c0000000)
  eden space 562688K, 100% used [0x0000000795580000,0x00000007b7b00000,0x00000007b7b00000)
  from space 64000K, 45% used [0x00000007b7b00000,0x00000007b9755b78,0x00000007bb980000)
  to   space 63488K, 0% used [0x00000007bc080000,0x00000007bc080000,0x00000007bfe80000)
 ParOldGen       total 694784K, used 578928K [0x0000000740000000, 0x000000076a680000, 0x0000000795580000)
  object space 694784K, 83% used [0x0000000740000000,0x000000076355c378,0x000000076a680000)
 Metaspace       used 265026K, capacity 279572K, committed 279832K, reserved 1294336K
  class space    used 32062K, capacity 34566K, committed 34608K, reserved 1048576K
Event: 5661.781 GC heap after
Heap after GC invocations=156 (full 8):
 PSYoungGen      total 631808K, used 24631K [0x0000000795580000, 0x00000007bfb80000, 0x00000007c0000000)
  eden space 571392K, 0% used [0x0000000795580000,0x0000000795580000,0x00000007b8380000)
  from space 60416K, 40% used [0x00000007bc080000,0x00000007bd88dec0,0x00000007bfb80000)
  to   space 61440K, 0% used [0x00000007b8380000,0x00000007b8380000,0x00000007bbf80000)
 ParOldGen       total 694784K, used 579032K [0x0000000740000000, 0x000000076a680000, 0x0000000795580000)
  object space 694784K, 83% used [0x0000000740000000,0x0000000763576378,0x000000076a680000)
 Metaspace       used 265026K, capacity 279572K, committed 279832K, reserved 1294336K
  class space    used 32062K, capacity 34566K, committed 34608K, reserved 1048576K
}
Event: 5662.391 GC heap before
{Heap before GC invocations=157 (full 8):
 PSYoungGen      total 631808K, used 596023K [0x0000000795580000, 0x00000007bfb80000, 0x00000007c0000000)
  eden space 571392K, 100% used [0x0000000795580000,0x00000007b8380000,0x00000007b8380000)
  from space 60416K, 40% used [0x00000007bc080000,0x00000007bd88dec0,0x00000007bfb80000)
  to   space 61440K, 0% used [0x00000007b8380000,0x00000007b8380000,0x00000007bbf80000)
 ParOldGen       total 694784K, used 579032K [0x0000000740000000, 0x000000076a680000, 0x0000000795580000)
  object space 694784K, 83% used [0x0000000740000000,0x0000000763576378,0x000000076a680000)
 Metaspace       used 265029K, capacity 279572K, committed 279832K, reserved 1294336K
  class space    used 32062K, capacity 34566K, committed 34608K, reserved 1048576K
Event: 5662.415 GC heap after
Heap after GC invocations=157 (full 8):
 PSYoungGen      total 632832K, used 23807K [0x0000000795580000, 0x00000007bfc00000, 0x00000007c0000000)
  eden space 571392K, 0% used [0x0000000795580000,0x0000000795580000,0x00000007b8380000)
  from space 61440K, 38% used [0x00000007b8380000,0x00000007b9abfca0,0x00000007bbf80000)
  to   space 58880K, 0% used [0x00000007bc280000,0x00000007bc280000,0x00000007bfc00000)
 ParOldGen       total 694784K, used 590523K [0x0000000740000000, 0x000000076a680000, 0x0000000795580000)
  object space 694784K, 84% used [0x0000000740000000,0x00000007640aedc8,0x000000076a680000)
 Metaspace       used 265029K, capacity 279572K, committed 279832K, reserved 1294336K
  class space    used 32062K, capacity 34566K, committed 34608K, reserved 1048576K
}
Event: 5663.022 GC heap before
{Heap before GC invocations=158 (full 8):
 PSYoungGen      total 632832K, used 595199K [0x0000000795580000, 0x00000007bfc00000, 0x00000007c0000000)
  eden space 571392K, 100% used [0x0000000795580000,0x00000007b8380000,0x00000007b8380000)
  from space 61440K, 38% used [0x00000007b8380000,0x00000007b9abfca0,0x00000007bbf80000)
  to   space 58880K, 0% used [0x00000007bc280000,0x00000007bc280000,0x00000007bfc00000)
 ParOldGen       total 694784K, used 590523K [0x0000000740000000, 0x000000076a680000, 0x0000000795580000)
  object space 694784K, 84% used [0x0000000740000000,0x00000007640aedc8,0x000000076a680000)
 Metaspace       used 265044K, capacity 279572K, committed 279832K, reserved 1294336K
  class space    used 32062K, capacity 34566K, committed 34608K, reserved 1048576K
Event: 5663.045 GC heap after
Heap after GC invocations=158 (full 8):
 PSYoungGen      total 634880K, used 32923K [0x0000000795580000, 0x00000007bff80000, 0x00000007c0000000)
  eden space 576000K, 0% used [0x0000000795580000,0x0000000795580000,0x00000007b8800000)
  from space 58880K, 55% used [0x00000007bc280000,0x00000007be2a6e18,0x00000007bfc00000)
  to   space 59904K, 0% used [0x00000007b8800000,0x00000007b8800000,0x00000007bc280000)
 ParOldGen       total 694784K, used 591282K [0x0000000740000000, 0x000000076a680000, 0x0000000795580000)
  object space 694784K, 85% used [0x0000000740000000,0x000000076416cbf0,0x000000076a680000)
 Metaspace       used 265044K, capacity 279572K, committed 279832K, reserved 1294336K
  class space    used 32062K, capacity 34566K, committed 34608K, reserved 1048576K
}
Event: 5663.695 GC heap before
{Heap before GC invocations=159 (full 8):
 PSYoungGen      total 634880K, used 608923K [0x0000000795580000, 0x00000007bff80000, 0x00000007c0000000)
  eden space 576000K, 100% used [0x0000000795580000,0x00000007b8800000,0x00000007b8800000)
  from space 58880K, 55% used [0x00000007bc280000,0x00000007be2a6e18,0x00000007bfc00000)
  to   space 59904K, 0% used [0x00000007b8800000,0x00000007b8800000,0x00000007bc280000)
 ParOldGen       total 694784K, used 591282K [0x0000000740000000, 0x000000076a680000, 0x0000000795580000)
  object space 694784K, 85% used [0x0000000740000000,0x000000076416cbf0,0x000000076a680000)
 Metaspace       used 265050K, capacity 279636K, committed 279832K, reserved 1294336K
  class space    used 32062K, capacity 34566K, committed 34608K, reserved 1048576K
Event: 5663.715 GC heap after
Heap after GC invocations=159 (full 8):
 PSYoungGen      total 635904K, used 28970K [0x0000000795580000, 0x00000007bff00000, 0x00000007c0000000)
  eden space 576000K, 0% used [0x0000000795580000,0x0000000795580000,0x00000007b8800000)
  from space 59904K, 48% used [0x00000007b8800000,0x00000007ba44a828,0x00000007bc280000)
  to   space 58880K, 0% used [0x00000007bc580000,0x00000007bc580000,0x00000007bff00000)
 ParOldGen       total 694784K, used 592018K [0x0000000740000000, 0x000000076a680000, 0x0000000795580000)
  object space 694784K, 85% used [0x0000000740000000,0x0000000764224bf0,0x000000076a680000)
 Metaspace       used 265050K, capacity 279636K, committed 279832K, reserved 1294336K
  class space    used 32062K, capacity 34566K, committed 34608K, reserved 1048576K
}
Event: 5664.810 GC heap before
{Heap before GC invocations=160 (full 8):
 PSYoungGen      total 635904K, used 604970K [0x0000000795580000, 0x00000007bff00000, 0x00000007c0000000)
  eden space 576000K, 100% used [0x0000000795580000,0x00000007b8800000,0x00000007b8800000)
  from space 59904K, 48% used [0x00000007b8800000,0x00000007ba44a828,0x00000007bc280000)
  to   space 58880K, 0% used [0x00000007bc580000,0x00000007bc580000,0x00000007bff00000)
 ParOldGen       total 694784K, used 592018K [0x0000000740000000, 0x000000076a680000, 0x0000000795580000)
  object space 694784K, 85% used [0x0000000740000000,0x0000000764224bf0,0x000000076a680000)
 Metaspace       used 265074K, capacity 279640K, committed 279832K, reserved 1294336K
  class space    used 32062K, capacity 34566K, committed 34608K, reserved 1048576K
Event: 5664.851 GC heap after
Heap after GC invocations=160 (full 8):
 PSYoungGen      total 632832K, used 17956K [0x0000000795580000, 0x00000007bf900000, 0x00000007c0000000)
  eden space 580096K, 0% used [0x0000000795580000,0x0000000795580000,0x00000007b8c00000)
  from space 52736K, 34% used [0x00000007bc580000,0x00000007bd7092d0,0x00000007bf900000)
  to   space 55808K, 0% used [0x00000007b8c00000,0x00000007b8c00000,0x00000007bc280000)
 ParOldGen       total 694784K, used 603675K [0x0000000740000000, 0x000000076a680000, 0x0000000795580000)
  object space 694784K, 86% used [0x0000000740000000,0x0000000764d86ca8,0x000000076a680000)
 Metaspace       used 265074K, capacity 279640K, committed 279832K, reserved 1294336K
  class space    used 32062K, capacity 34566K, committed 34608K, reserved 1048576K
}

