# JRE version: OpenJDK Runtime Environment (8.0_242) (build 1.8.0_242-release-1644-b3-6915495)
# Java VM: OpenJDK 64-Bit Server VM (25.242-b3-6915495 mixed mode bsd-amd64 compressed oops)
Heap:
 PSYoungGen      total 573440K, used 294908K [0x0000000795580000, 0x00000007c0000000, 0x00000007c0000000)
  eden space 472576K, 42% used [0x0000000795580000,0x00000007a1b05060,0x00000007b2300000)
  from space 100864K, 91% used [0x00000007b9d80000,0x00000007bf7f9ff8,0x00000007c0000000)
  to   space 113152K, 0% used [0x00000007b2300000,0x00000007b2300000,0x00000007b9180000)
 ParOldGen       total 574464K, used 232380K [0x0000000740000000, 0x0000000763100000, 0x0000000795580000)
  object space 574464K, 40% used [0x0000000740000000,0x000000074e2ef1b8,0x0000000763100000)
 Metaspace       used 118675K, capacity 123442K, committed 123800K, reserved 1157120K
  class space    used 15053K, capacity 15928K, committed 16048K, reserved 1048576K
GC Heap History (10 events):
Event: 20.090 GC heap before
{Heap before GC invocations=16 (full 4):
 PSYoungGen      total 577536K, used 526103K [0x0000000795580000, 0x00000007c0000000, 0x00000007c0000000)
  eden space 464384K, 100% used [0x0000000795580000,0x00000007b1b00000,0x00000007b1b00000)
  from space 113152K, 54% used [0x00000007b1b00000,0x00000007b5745cd0,0x00000007b8980000)
  to   space 114176K, 0% used [0x00000007b9080000,0x00000007b9080000,0x00000007c0000000)
 ParOldGen       total 574464K, used 232332K [0x0000000740000000, 0x0000000763100000, 0x0000000795580000)
  object space 574464K, 40% used [0x0000000740000000,0x000000074e2e31b8,0x0000000763100000)
 Metaspace       used 91091K, capacity 95098K, committed 95384K, reserved 1132544K
  class space    used 12058K, capacity 12850K, committed 12976K, reserved 1048576K
Event: 20.118 GC heap after
Heap after GC invocations=16 (full 4):
 PSYoungGen      total 572416K, used 42233K [0x0000000795580000, 0x00000007bf300000, 0x00000007c0000000)
  eden space 471552K, 0% used [0x0000000795580000,0x0000000795580000,0x00000007b2200000)
  from space 100864K, 41% used [0x00000007b9080000,0x00000007bb9be5d0,0x00000007bf300000)
  to   space 107008K, 0% used [0x00000007b2200000,0x00000007b2200000,0x00000007b8a80000)
 ParOldGen       total 574464K, used 232348K [0x0000000740000000, 0x0000000763100000, 0x0000000795580000)
  object space 574464K, 40% used [0x0000000740000000,0x000000074e2e71b8,0x0000000763100000)
 Metaspace       used 91091K, capacity 95098K, committed 95384K, reserved 1132544K
  class space    used 12058K, capacity 12850K, committed 12976K, reserved 1048576K
}
Event: 22.704 GC heap before
{Heap before GC invocations=17 (full 4):
 PSYoungGen      total 572416K, used 513785K [0x0000000795580000, 0x00000007bf300000, 0x00000007c0000000)
  eden space 471552K, 100% used [0x0000000795580000,0x00000007b2200000,0x00000007b2200000)
  from space 100864K, 41% used [0x00000007b9080000,0x00000007bb9be5d0,0x00000007bf300000)
  to   space 107008K, 0% used [0x00000007b2200000,0x00000007b2200000,0x00000007b8a80000)
 ParOldGen       total 574464K, used 232348K [0x0000000740000000, 0x0000000763100000, 0x0000000795580000)
  object space 574464K, 40% used [0x0000000740000000,0x000000074e2e71b8,0x0000000763100000)
 Metaspace       used 99909K, capacity 104032K, committed 104472K, reserved 1140736K
  class space    used 13059K, capacity 13819K, committed 13872K, reserved 1048576K
Event: 22.724 GC heap after
Heap after GC invocations=17 (full 4):
 PSYoungGen      total 578560K, used 32799K [0x0000000795580000, 0x00000007bfc00000, 0x00000007c0000000)
  eden space 471552K, 0% used [0x0000000795580000,0x0000000795580000,0x00000007b2200000)
  from space 107008K, 30% used [0x00000007b2200000,0x00000007b4207c00,0x00000007b8a80000)
  to   space 101888K, 0% used [0x00000007b9880000,0x00000007b9880000,0x00000007bfc00000)
 ParOldGen       total 574464K, used 232356K [0x0000000740000000, 0x0000000763100000, 0x0000000795580000)
  object space 574464K, 40% used [0x0000000740000000,0x000000074e2e91b8,0x0000000763100000)
 Metaspace       used 99909K, capacity 104032K, committed 104472K, reserved 1140736K
  class space    used 13059K, capacity 13819K, committed 13872K, reserved 1048576K
}
Event: 193.119 GC heap before
{Heap before GC invocations=18 (full 4):
 PSYoungGen      total 578560K, used 504351K [0x0000000795580000, 0x00000007bfc00000, 0x00000007c0000000)
  eden space 471552K, 100% used [0x0000000795580000,0x00000007b2200000,0x00000007b2200000)
  from space 107008K, 30% used [0x00000007b2200000,0x00000007b4207c00,0x00000007b8a80000)
  to   space 101888K, 0% used [0x00000007b9880000,0x00000007b9880000,0x00000007bfc00000)
 ParOldGen       total 574464K, used 232356K [0x0000000740000000, 0x0000000763100000, 0x0000000795580000)
  object space 574464K, 40% used [0x0000000740000000,0x000000074e2e91b8,0x0000000763100000)
 Metaspace       used 109351K, capacity 113940K, committed 114200K, reserved 1148928K
  class space    used 14031K, capacity 14877K, committed 14896K, reserved 1048576K
Event: 193.159 GC heap after
Heap after GC invocations=18 (full 4):
 PSYoungGen      total 589824K, used 55278K [0x0000000795580000, 0x00000007bfa00000, 0x00000007c0000000)
  eden space 489984K, 0% used [0x0000000795580000,0x0000000795580000,0x00000007b3400000)
  from space 99840K, 55% used [0x00000007b9880000,0x00000007bce7b8f0,0x00000007bfa00000)
  to   space 101376K, 0% used [0x00000007b3400000,0x00000007b3400000,0x00000007b9700000)
 ParOldGen       total 574464K, used 232364K [0x0000000740000000, 0x0000000763100000, 0x0000000795580000)
  object space 574464K, 40% used [0x0000000740000000,0x000000074e2eb1b8,0x0000000763100000)
 Metaspace       used 109351K, capacity 113940K, committed 114200K, reserved 1148928K
  class space    used 14031K, capacity 14877K, committed 14896K, reserved 1048576K
}
Event: 196.290 GC heap before
{Heap before GC invocations=19 (full 4):
 PSYoungGen      total 589824K, used 545262K [0x0000000795580000, 0x00000007bfa00000, 0x00000007c0000000)
  eden space 489984K, 100% used [0x0000000795580000,0x00000007b3400000,0x00000007b3400000)
  from space 99840K, 55% used [0x00000007b9880000,0x00000007bce7b8f0,0x00000007bfa00000)
  to   space 101376K, 0% used [0x00000007b3400000,0x00000007b3400000,0x00000007b9700000)
 ParOldGen       total 574464K, used 232364K [0x0000000740000000, 0x0000000763100000, 0x0000000795580000)
  object space 574464K, 40% used [0x0000000740000000,0x000000074e2eb1b8,0x0000000763100000)
 Metaspace       used 110622K, capacity 115282K, committed 115480K, reserved 1148928K
  class space    used 14159K, capacity 15032K, committed 15152K, reserved 1048576K
Event: 196.331 GC heap after
Heap after GC invocations=19 (full 4):
 PSYoungGen      total 591360K, used 56393K [0x0000000795580000, 0x00000007c0000000, 0x00000007c0000000)
  eden space 489984K, 0% used [0x0000000795580000,0x0000000795580000,0x00000007b3400000)
  from space 101376K, 55% used [0x00000007b3400000,0x00000007b6b126f0,0x00000007b9700000)
  to   space 100864K, 0% used [0x00000007b9d80000,0x00000007b9d80000,0x00000007c0000000)
 ParOldGen       total 574464K, used 232372K [0x0000000740000000, 0x0000000763100000, 0x0000000795580000)
  object space 574464K, 40% used [0x0000000740000000,0x000000074e2ed1b8,0x0000000763100000)
 Metaspace       used 110622K, capacity 115282K, committed 115480K, reserved 1148928K
  class space    used 14159K, capacity 15032K, committed 15152K, reserved 1048576K
}
Event: 198.029 GC heap before
{Heap before GC invocations=20 (full 4):
 PSYoungGen      total 591360K, used 546377K [0x0000000795580000, 0x00000007c0000000, 0x00000007c0000000)
  eden space 489984K, 100% used [0x0000000795580000,0x00000007b3400000,0x00000007b3400000)
  from space 101376K, 55% used [0x00000007b3400000,0x00000007b6b126f0,0x00000007b9700000)
  to   space 100864K, 0% used [0x00000007b9d80000,0x00000007b9d80000,0x00000007c0000000)
 ParOldGen       total 574464K, used 232372K [0x0000000740000000, 0x0000000763100000, 0x0000000795580000)
  object space 574464K, 40% used [0x0000000740000000,0x000000074e2ed1b8,0x0000000763100000)
 Metaspace       used 118323K, capacity 123032K, committed 123160K, reserved 1157120K
  class space    used 15015K, capacity 15865K, committed 15920K, reserved 1048576K
Event: 198.092 GC heap after
Heap after GC invocations=20 (full 4):
 PSYoungGen      total 573440K, used 92647K [0x0000000795580000, 0x00000007c0000000, 0x00000007c0000000)
  eden space 472576K, 0% used [0x0000000795580000,0x0000000795580000,0x00000007b2300000)
  from space 100864K, 91% used [0x00000007b9d80000,0x00000007bf7f9ff8,0x00000007c0000000)
  to   space 113152K, 0% used [0x00000007b2300000,0x00000007b2300000,0x00000007b9180000)
 ParOldGen       total 574464K, used 232380K [0x0000000740000000, 0x0000000763100000, 0x0000000795580000)
  object space 574464K, 40% used [0x0000000740000000,0x000000074e2ef1b8,0x0000000763100000)
 Metaspace       used 118323K, capacity 123032K, committed 123160K, reserved 1157120K
  class space    used 15015K, capacity 15865K, committed 15920K, reserved 1048576K
}

