# JRE version: OpenJDK Runtime Environment (8.0_242) (build 1.8.0_242-release-1644-b3-6915495)
# Java VM: OpenJDK 64-Bit Server VM (25.242-b3-6915495 mixed mode bsd-amd64 compressed oops)
Heap:
 PSYoungGen      total 259584K, used 67334K [0x0000000795580000, 0x00000007b2300000, 0x00000007c0000000)
  eden space 244224K, 21% used [0x0000000795580000,0x0000000798846630,0x00000007a4400000)
  from space 15360K, 99% used [0x00000007a4400000,0x00000007a52fb370,0x00000007a5300000)
  to   space 18944K, 0% used [0x00000007b1080000,0x00000007b1080000,0x00000007b2300000)
 ParOldGen       total 103424K, used 18742K [0x0000000740000000, 0x0000000746500000, 0x0000000795580000)
  object space 103424K, 18% used [0x0000000740000000,0x000000074124db50,0x0000000746500000)
 Metaspace       used 50193K, capacity 52096K, committed 52264K, reserved 1093632K
  class space    used 6701K, capacity 7124K, committed 7216K, reserved 1048576K
GC Heap History (10 events):
Event: 1.653 GC heap before
{Heap before GC invocations=5 (full 1):
 PSYoungGen      total 141824K, used 6640K [0x0000000795580000, 0x000000079ea80000, 0x00000007c0000000)
  eden space 131072K, 0% used [0x0000000795580000,0x0000000795580000,0x000000079d580000)
  from space 10752K, 61% used [0x000000079e000000,0x000000079e67c060,0x000000079ea80000)
  to   space 10752K, 0% used [0x000000079d580000,0x000000079d580000,0x000000079e000000)
 ParOldGen       total 175104K, used 414K [0x0000000740000000, 0x000000074ab00000, 0x0000000795580000)
  object space 175104K, 0% used [0x0000000740000000,0x0000000740067ad8,0x000000074ab00000)
 Metaspace       used 20577K, capacity 21216K, committed 21296K, reserved 1067008K
  class space    used 2886K, capacity 3074K, committed 3120K, reserved 1048576K
Event: 1.686 GC heap after
Heap after GC invocations=5 (full 1):
 PSYoungGen      total 141824K, used 0K [0x0000000795580000, 0x000000079ea80000, 0x00000007c0000000)
  eden space 131072K, 0% used [0x0000000795580000,0x0000000795580000,0x000000079d580000)
  from space 10752K, 0% used [0x000000079e000000,0x000000079e000000,0x000000079ea80000)
  to   space 10752K, 0% used [0x000000079d580000,0x000000079d580000,0x000000079e000000)
 ParOldGen       total 78848K, used 6561K [0x0000000740000000, 0x0000000744d00000, 0x0000000795580000)
  object space 78848K, 8% used [0x0000000740000000,0x00000007406684e0,0x0000000744d00000)
 Metaspace       used 20577K, capacity 21216K, committed 21296K, reserved 1067008K
  class space    used 2886K, capacity 3074K, committed 3120K, reserved 1048576K
}
Event: 2.646 GC heap before
{Heap before GC invocations=6 (full 1):
 PSYoungGen      total 141824K, used 131072K [0x0000000795580000, 0x000000079ea80000, 0x00000007c0000000)
  eden space 131072K, 100% used [0x0000000795580000,0x000000079d580000,0x000000079d580000)
  from space 10752K, 0% used [0x000000079e000000,0x000000079e000000,0x000000079ea80000)
  to   space 10752K, 0% used [0x000000079d580000,0x000000079d580000,0x000000079e000000)
 ParOldGen       total 78848K, used 6561K [0x0000000740000000, 0x0000000744d00000, 0x0000000795580000)
  object space 78848K, 8% used [0x0000000740000000,0x00000007406684e0,0x0000000744d00000)
 Metaspace       used 32499K, capacity 33538K, committed 33712K, reserved 1079296K
  class space    used 4444K, capacity 4685K, committed 4784K, reserved 1048576K
Event: 2.658 GC heap after
Heap after GC invocations=6 (full 1):
 PSYoungGen      total 141824K, used 10750K [0x0000000795580000, 0x00000007a6600000, 0x00000007c0000000)
  eden space 131072K, 0% used [0x0000000795580000,0x0000000795580000,0x000000079d580000)
  from space 10752K, 99% used [0x000000079d580000,0x000000079dfffbe8,0x000000079e000000)
  to   space 15872K, 0% used [0x00000007a5680000,0x00000007a5680000,0x00000007a6600000)
 ParOldGen       total 78848K, used 9958K [0x0000000740000000, 0x0000000744d00000, 0x0000000795580000)
  object space 78848K, 12% used [0x0000000740000000,0x00000007409b9b90,0x0000000744d00000)
 Metaspace       used 32499K, capacity 33538K, committed 33712K, reserved 1079296K
  class space    used 4444K, capacity 4685K, committed 4784K, reserved 1048576K
}
Event: 2.862 GC heap before
{Heap before GC invocations=7 (full 1):
 PSYoungGen      total 141824K, used 51274K [0x0000000795580000, 0x00000007a6600000, 0x00000007c0000000)
  eden space 131072K, 30% used [0x0000000795580000,0x0000000797d12ef0,0x000000079d580000)
  from space 10752K, 99% used [0x000000079d580000,0x000000079dfffbe8,0x000000079e000000)
  to   space 15872K, 0% used [0x00000007a5680000,0x00000007a5680000,0x00000007a6600000)
 ParOldGen       total 78848K, used 9958K [0x0000000740000000, 0x0000000744d00000, 0x0000000795580000)
  object space 78848K, 12% used [0x0000000740000000,0x00000007409b9b90,0x0000000744d00000)
 Metaspace       used 34346K, capacity 35418K, committed 35496K, reserved 1079296K
  class space    used 4731K, capacity 5004K, committed 5040K, reserved 1048576K
Event: 2.869 GC heap after
Heap after GC invocations=7 (full 1):
 PSYoungGen      total 256000K, used 9177K [0x0000000795580000, 0x00000007a6200000, 0x00000007c0000000)
  eden space 244224K, 0% used [0x0000000795580000,0x0000000795580000,0x00000007a4400000)
  from space 11776K, 77% used [0x00000007a5680000,0x00000007a5f764b8,0x00000007a6200000)
  to   space 15360K, 0% used [0x00000007a4400000,0x00000007a4400000,0x00000007a5300000)
 ParOldGen       total 78848K, used 9966K [0x0000000740000000, 0x0000000744d00000, 0x0000000795580000)
  object space 78848K, 12% used [0x0000000740000000,0x00000007409bbb90,0x0000000744d00000)
 Metaspace       used 34346K, capacity 35418K, committed 35496K, reserved 1079296K
  class space    used 4731K, capacity 5004K, committed 5040K, reserved 1048576K
}
Event: 2.869 GC heap before
{Heap before GC invocations=8 (full 2):
 PSYoungGen      total 256000K, used 9177K [0x0000000795580000, 0x00000007a6200000, 0x00000007c0000000)
  eden space 244224K, 0% used [0x0000000795580000,0x0000000795580000,0x00000007a4400000)
  from space 11776K, 77% used [0x00000007a5680000,0x00000007a5f764b8,0x00000007a6200000)
  to   space 15360K, 0% used [0x00000007a4400000,0x00000007a4400000,0x00000007a5300000)
 ParOldGen       total 78848K, used 9966K [0x0000000740000000, 0x0000000744d00000, 0x0000000795580000)
  object space 78848K, 12% used [0x0000000740000000,0x00000007409bbb90,0x0000000744d00000)
 Metaspace       used 34346K, capacity 35418K, committed 35496K, reserved 1079296K
  class space    used 4731K, capacity 5004K, committed 5040K, reserved 1048576K
Event: 2.912 GC heap after
Heap after GC invocations=8 (full 2):
 PSYoungGen      total 256000K, used 0K [0x0000000795580000, 0x00000007a6200000, 0x00000007c0000000)
  eden space 244224K, 0% used [0x0000000795580000,0x0000000795580000,0x00000007a4400000)
  from space 11776K, 0% used [0x00000007a5680000,0x00000007a5680000,0x00000007a6200000)
  to   space 15360K, 0% used [0x00000007a4400000,0x00000007a4400000,0x00000007a5300000)
 ParOldGen       total 103424K, used 15515K [0x0000000740000000, 0x0000000746500000, 0x0000000795580000)
  object space 103424K, 15% used [0x0000000740000000,0x0000000740f26e08,0x0000000746500000)
 Metaspace       used 34346K, capacity 35418K, committed 35496K, reserved 1079296K
  class space    used 4731K, capacity 5004K, committed 5040K, reserved 1048576K
}
Event: 4.140 GC heap before
{Heap before GC invocations=9 (full 2):
 PSYoungGen      total 256000K, used 244224K [0x0000000795580000, 0x00000007a6200000, 0x00000007c0000000)
  eden space 244224K, 100% used [0x0000000795580000,0x00000007a4400000,0x00000007a4400000)
  from space 11776K, 0% used [0x00000007a5680000,0x00000007a5680000,0x00000007a6200000)
  to   space 15360K, 0% used [0x00000007a4400000,0x00000007a4400000,0x00000007a5300000)
 ParOldGen       total 103424K, used 15515K [0x0000000740000000, 0x0000000746500000, 0x0000000795580000)
  object space 103424K, 15% used [0x0000000740000000,0x0000000740f26e08,0x0000000746500000)
 Metaspace       used 45447K, capacity 47370K, committed 47528K, reserved 1089536K
  class space    used 6144K, capacity 6547K, committed 6576K, reserved 1048576K
Event: 4.155 GC heap after
Heap after GC invocations=9 (full 2):
 PSYoungGen      total 259584K, used 15340K [0x0000000795580000, 0x00000007b2300000, 0x00000007c0000000)
  eden space 244224K, 0% used [0x0000000795580000,0x0000000795580000,0x00000007a4400000)
  from space 15360K, 99% used [0x00000007a4400000,0x00000007a52fb370,0x00000007a5300000)
  to   space 18944K, 0% used [0x00000007b1080000,0x00000007b1080000,0x00000007b2300000)
 ParOldGen       total 103424K, used 18742K [0x0000000740000000, 0x0000000746500000, 0x0000000795580000)
  object space 103424K, 18% used [0x0000000740000000,0x000000074124db50,0x0000000746500000)
 Metaspace       used 45447K, capacity 47370K, committed 47528K, reserved 1089536K
  class space    used 6144K, capacity 6547K, committed 6576K, reserved 1048576K
}

