# JRE version: OpenJDK Runtime Environment (8.0_242) (build 1.8.0_242-release-1644-b3-6915495)
# Java VM: OpenJDK 64-Bit Server VM (25.242-b3-6915495 mixed mode bsd-amd64 compressed oops)
Heap:
 PSYoungGen      total 197120K, used 134550K [0x0000000795580000, 0x00000007a2c80000, 0x00000007c0000000)
  eden space 188928K, 67% used [0x0000000795580000,0x000000079d148a68,0x00000007a0e00000)
  from space 8192K, 95% used [0x00000007a2480000,0x00000007a2c1d010,0x00000007a2c80000)
  to   space 11776K, 0% used [0x00000007a1580000,0x00000007a1580000,0x00000007a2100000)
 ParOldGen       total 116224K, used 15360K [0x0000000740000000, 0x0000000747180000, 0x0000000795580000)
  object space 116224K, 13% used [0x0000000740000000,0x0000000740f00338,0x0000000747180000)
 Metaspace       used 50818K, capacity 52672K, committed 52776K, reserved 1095680K
  class space    used 6786K, capacity 7178K, committed 7216K, reserved 1048576K
GC Heap History (10 events):
Event: 3.900 GC heap before
{Heap before GC invocations=6 (full 1):
 PSYoungGen      total 76288K, used 65536K [0x0000000795580000, 0x000000079ea80000, 0x00000007c0000000)
  eden space 65536K, 100% used [0x0000000795580000,0x0000000799580000,0x0000000799580000)
  from space 10752K, 0% used [0x000000079a000000,0x000000079a000000,0x000000079aa80000)
  to   space 10752K, 0% used [0x0000000799580000,0x0000000799580000,0x000000079a000000)
 ParOldGen       total 83456K, used 6569K [0x0000000740000000, 0x0000000745180000, 0x0000000795580000)
  object space 83456K, 7% used [0x0000000740000000,0x000000074066a678,0x0000000745180000)
 Metaspace       used 28663K, capacity 29500K, committed 29616K, reserved 1075200K
  class space    used 3985K, capacity 4227K, committed 4272K, reserved 1048576K
Event: 3.906 GC heap after
Heap after GC invocations=6 (full 1):
 PSYoungGen      total 76288K, used 8342K [0x0000000795580000, 0x000000079e100000, 0x00000007c0000000)
  eden space 65536K, 0% used [0x0000000795580000,0x0000000795580000,0x0000000799580000)
  from space 10752K, 77% used [0x0000000799580000,0x0000000799da5900,0x000000079a000000)
  to   space 12288K, 0% used [0x000000079d500000,0x000000079d500000,0x000000079e100000)
 ParOldGen       total 83456K, used 6577K [0x0000000740000000, 0x0000000745180000, 0x0000000795580000)
  object space 83456K, 7% used [0x0000000740000000,0x000000074066c678,0x0000000745180000)
 Metaspace       used 28663K, capacity 29500K, committed 29616K, reserved 1075200K
  class space    used 3985K, capacity 4227K, committed 4272K, reserved 1048576K
}
Event: 4.911 GC heap before
{Heap before GC invocations=7 (full 1):
 PSYoungGen      total 76288K, used 73878K [0x0000000795580000, 0x000000079e100000, 0x00000007c0000000)
  eden space 65536K, 100% used [0x0000000795580000,0x0000000799580000,0x0000000799580000)
  from space 10752K, 77% used [0x0000000799580000,0x0000000799da5900,0x000000079a000000)
  to   space 12288K, 0% used [0x000000079d500000,0x000000079d500000,0x000000079e100000)
 ParOldGen       total 83456K, used 6577K [0x0000000740000000, 0x0000000745180000, 0x0000000795580000)
  object space 83456K, 7% used [0x0000000740000000,0x000000074066c678,0x0000000745180000)
 Metaspace       used 32580K, capacity 33570K, committed 33712K, reserved 1079296K
  class space    used 4465K, capacity 4717K, committed 4784K, reserved 1048576K
Event: 4.920 GC heap after
Heap after GC invocations=7 (full 1):
 PSYoungGen      total 124928K, used 9367K [0x0000000795580000, 0x000000079de80000, 0x00000007c0000000)
  eden space 115200K, 0% used [0x0000000795580000,0x0000000795580000,0x000000079c600000)
  from space 9728K, 96% used [0x000000079d500000,0x000000079de25c88,0x000000079de80000)
  to   space 12288K, 0% used [0x000000079c680000,0x000000079c680000,0x000000079d280000)
 ParOldGen       total 83456K, used 6585K [0x0000000740000000, 0x0000000745180000, 0x0000000795580000)
  object space 83456K, 7% used [0x0000000740000000,0x000000074066e678,0x0000000745180000)
 Metaspace       used 32580K, capacity 33570K, committed 33712K, reserved 1079296K
  class space    used 4465K, capacity 4717K, committed 4784K, reserved 1048576K
}
Event: 5.179 GC heap before
{Heap before GC invocations=8 (full 1):
 PSYoungGen      total 124928K, used 46826K [0x0000000795580000, 0x000000079de80000, 0x00000007c0000000)
  eden space 115200K, 32% used [0x0000000795580000,0x0000000797a14d58,0x000000079c600000)
  from space 9728K, 96% used [0x000000079d500000,0x000000079de25c88,0x000000079de80000)
  to   space 12288K, 0% used [0x000000079c680000,0x000000079c680000,0x000000079d280000)
 ParOldGen       total 83456K, used 6585K [0x0000000740000000, 0x0000000745180000, 0x0000000795580000)
  object space 83456K, 7% used [0x0000000740000000,0x000000074066e678,0x0000000745180000)
 Metaspace       used 34323K, capacity 35418K, committed 35496K, reserved 1079296K
  class space    used 4731K, capacity 5004K, committed 5040K, reserved 1048576K
Event: 5.187 GC heap after
Heap after GC invocations=8 (full 1):
 PSYoungGen      total 128000K, used 9083K [0x0000000795580000, 0x00000007a3000000, 0x00000007c0000000)
  eden space 115712K, 0% used [0x0000000795580000,0x0000000795580000,0x000000079c680000)
  from space 12288K, 73% used [0x000000079c680000,0x000000079cf5efd8,0x000000079d280000)
  to   space 11776K, 0% used [0x00000007a2480000,0x00000007a2480000,0x00000007a3000000)
 ParOldGen       total 83456K, used 6593K [0x0000000740000000, 0x0000000745180000, 0x0000000795580000)
  object space 83456K, 7% used [0x0000000740000000,0x0000000740670678,0x0000000745180000)
 Metaspace       used 34323K, capacity 35418K, committed 35496K, reserved 1079296K
  class space    used 4731K, capacity 5004K, committed 5040K, reserved 1048576K
}
Event: 5.187 GC heap before
{Heap before GC invocations=9 (full 2):
 PSYoungGen      total 128000K, used 9083K [0x0000000795580000, 0x00000007a3000000, 0x00000007c0000000)
  eden space 115712K, 0% used [0x0000000795580000,0x0000000795580000,0x000000079c680000)
  from space 12288K, 73% used [0x000000079c680000,0x000000079cf5efd8,0x000000079d280000)
  to   space 11776K, 0% used [0x00000007a2480000,0x00000007a2480000,0x00000007a3000000)
 ParOldGen       total 83456K, used 6593K [0x0000000740000000, 0x0000000745180000, 0x0000000795580000)
  object space 83456K, 7% used [0x0000000740000000,0x0000000740670678,0x0000000745180000)
 Metaspace       used 34323K, capacity 35418K, committed 35496K, reserved 1079296K
  class space    used 4731K, capacity 5004K, committed 5040K, reserved 1048576K
Event: 5.254 GC heap after
Heap after GC invocations=9 (full 2):
 PSYoungGen      total 128000K, used 0K [0x0000000795580000, 0x00000007a3000000, 0x00000007c0000000)
  eden space 115712K, 0% used [0x0000000795580000,0x0000000795580000,0x000000079c680000)
  from space 12288K, 0% used [0x000000079c680000,0x000000079c680000,0x000000079d280000)
  to   space 11776K, 0% used [0x00000007a2480000,0x00000007a2480000,0x00000007a3000000)
 ParOldGen       total 116224K, used 15352K [0x0000000740000000, 0x0000000747180000, 0x0000000795580000)
  object space 116224K, 13% used [0x0000000740000000,0x0000000740efe338,0x0000000747180000)
 Metaspace       used 34323K, capacity 35418K, committed 35496K, reserved 1079296K
  class space    used 4731K, capacity 5004K, committed 5040K, reserved 1048576K
}
Event: 6.341 GC heap before
{Heap before GC invocations=10 (full 2):
 PSYoungGen      total 128000K, used 115712K [0x0000000795580000, 0x00000007a3000000, 0x00000007c0000000)
  eden space 115712K, 100% used [0x0000000795580000,0x000000079c680000,0x000000079c680000)
  from space 12288K, 0% used [0x000000079c680000,0x000000079c680000,0x000000079d280000)
  to   space 11776K, 0% used [0x00000007a2480000,0x00000007a2480000,0x00000007a3000000)
 ParOldGen       total 116224K, used 15352K [0x0000000740000000, 0x0000000747180000, 0x0000000795580000)
  object space 116224K, 13% used [0x0000000740000000,0x0000000740efe338,0x0000000747180000)
 Metaspace       used 37370K, capacity 38988K, committed 39080K, reserved 1083392K
  class space    used 5161K, capacity 5508K, committed 5552K, reserved 1048576K
Event: 6.349 GC heap after
Heap after GC invocations=10 (full 2):
 PSYoungGen      total 197120K, used 7796K [0x0000000795580000, 0x00000007a2c80000, 0x00000007c0000000)
  eden space 188928K, 0% used [0x0000000795580000,0x0000000795580000,0x00000007a0e00000)
  from space 8192K, 95% used [0x00000007a2480000,0x00000007a2c1d010,0x00000007a2c80000)
  to   space 11776K, 0% used [0x00000007a1580000,0x00000007a1580000,0x00000007a2100000)
 ParOldGen       total 116224K, used 15360K [0x0000000740000000, 0x0000000747180000, 0x0000000795580000)
  object space 116224K, 13% used [0x0000000740000000,0x0000000740f00338,0x0000000747180000)
 Metaspace       used 37370K, capacity 38988K, committed 39080K, reserved 1083392K
  class space    used 5161K, capacity 5508K, committed 5552K, reserved 1048576K
}

